# JRE version: OpenJDK Runtime Environment (8.0_152-b06) (build 1.8.0_152-release-1136-b06)
# Java VM: OpenJDK 64-Bit Server VM (25.152-b06 mixed mode windows-amd64 compressed oops)
Heap:
 PSYoungGen      total 215040K, used 49260K [0x00000000e0000000, 0x00000000ef180000, 0x0000000100000000)
  eden space 199680K, 17% used [0x00000000e0000000,0x00000000e2152060,0x00000000ec300000)
  from space 15360K, 98% used [0x00000000ee280000,0x00000000ef149298,0x00000000ef180000)
  to   space 20480K, 0% used [0x00000000ec980000,0x00000000ec980000,0x00000000edd80000)
 ParOldGen       total 98304K, used 40045K [0x00000000a0000000, 0x00000000a6000000, 0x00000000e0000000)
  object space 98304K, 40% used [0x00000000a0000000,0x00000000a271b440,0x00000000a6000000)
 Metaspace       used 66713K, capacity 69474K, committed 69544K, reserved 1110016K
  class space    used 8992K, capacity 9606K, committed 9648K, reserved 1048576K
GC Heap History (10 events):
Event: 21.413 GC heap before
{Heap before GC invocations=13 (full 2):
 PSYoungGen      total 140288K, used 140261K [0x00000000e0000000, 0x00000000ebb80000, 0x0000000100000000)
  eden space 129024K, 100% used [0x00000000e0000000,0x00000000e7e00000,0x00000000e7e00000)
  from space 11264K, 99% used [0x00000000e8c00000,0x00000000e96f95a8,0x00000000e9700000)
  to   space 14336K, 0% used [0x00000000e7e00000,0x00000000e7e00000,0x00000000e8c00000)
 ParOldGen       total 59392K, used 22801K [0x00000000a0000000, 0x00000000a3a00000, 0x00000000e0000000)
  object space 59392K, 38% used [0x00000000a0000000,0x00000000a1644640,0x00000000a3a00000)
 Metaspace       used 53630K, capacity 55306K, committed 55464K, reserved 1097728K
  class space    used 7336K, capacity 7749K, committed 7856K, reserved 1048576K
Event: 21.454 GC heap after
Heap after GC invocations=13 (full 2):
 PSYoungGen      total 143360K, used 14305K [0x00000000e0000000, 0x00000000ec880000, 0x0000000100000000)
  eden space 129024K, 0% used [0x00000000e0000000,0x00000000e0000000,0x00000000e7e00000)
  from space 14336K, 99% used [0x00000000e7e00000,0x00000000e8bf8688,0x00000000e8c00000)
  to   space 19968K, 0% used [0x00000000eb500000,0x00000000eb500000,0x00000000ec880000)
 ParOldGen       total 59392K, used 32930K [0x00000000a0000000, 0x00000000a3a00000, 0x00000000e0000000)
  object space 59392K, 55% used [0x00000000a0000000,0x00000000a20289f8,0x00000000a3a00000)
 Metaspace       used 53630K, capacity 55306K, committed 55464K, reserved 1097728K
  class space    used 7336K, capacity 7749K, committed 7856K, reserved 1048576K
}
Event: 26.091 GC heap before
{Heap before GC invocations=14 (full 2):
 PSYoungGen      total 143360K, used 143326K [0x00000000e0000000, 0x00000000ec880000, 0x0000000100000000)
  eden space 129024K, 99% used [0x00000000e0000000,0x00000000e7dff3c8,0x00000000e7e00000)
  from space 14336K, 99% used [0x00000000e7e00000,0x00000000e8bf8688,0x00000000e8c00000)
  to   space 19968K, 0% used [0x00000000eb500000,0x00000000eb500000,0x00000000ec880000)
 ParOldGen       total 59392K, used 32930K [0x00000000a0000000, 0x00000000a3a00000, 0x00000000e0000000)
  object space 59392K, 55% used [0x00000000a0000000,0x00000000a20289f8,0x00000000a3a00000)
 Metaspace       used 57094K, capacity 58974K, committed 59160K, reserved 1099776K
  class space    used 7787K, capacity 8274K, committed 8368K, reserved 1048576K
Event: 26.137 GC heap after
Heap after GC invocations=14 (full 2):
 PSYoungGen      total 183296K, used 11057K [0x00000000e0000000, 0x00000000ec780000, 0x0000000100000000)
  eden space 164352K, 0% used [0x00000000e0000000,0x00000000e0000000,0x00000000ea080000)
  from space 18944K, 58% used [0x00000000eb500000,0x00000000ebfcc5e0,0x00000000ec780000)
  to   space 19968K, 0% used [0x00000000ea080000,0x00000000ea080000,0x00000000eb400000)
 ParOldGen       total 59392K, used 40923K [0x00000000a0000000, 0x00000000a3a00000, 0x00000000e0000000)
  object space 59392K, 68% used [0x00000000a0000000,0x00000000a27f6d00,0x00000000a3a00000)
 Metaspace       used 57094K, capacity 58974K, committed 59160K, reserved 1099776K
  class space    used 7787K, capacity 8274K, committed 8368K, reserved 1048576K
}
Event: 27.246 GC heap before
{Heap before GC invocations=15 (full 2):
 PSYoungGen      total 183296K, used 30257K [0x00000000e0000000, 0x00000000ec780000, 0x0000000100000000)
  eden space 164352K, 11% used [0x00000000e0000000,0x00000000e12bff90,0x00000000ea080000)
  from space 18944K, 58% used [0x00000000eb500000,0x00000000ebfcc5e0,0x00000000ec780000)
  to   space 19968K, 0% used [0x00000000ea080000,0x00000000ea080000,0x00000000eb400000)
 ParOldGen       total 59392K, used 40923K [0x00000000a0000000, 0x00000000a3a00000, 0x00000000e0000000)
  object space 59392K, 68% used [0x00000000a0000000,0x00000000a27f6d00,0x00000000a3a00000)
 Metaspace       used 57234K, capacity 59080K, committed 59160K, reserved 1099776K
  class space    used 7808K, capacity 8307K, committed 8368K, reserved 1048576K
Event: 27.270 GC heap after
Heap after GC invocations=15 (full 2):
 PSYoungGen      total 184320K, used 9376K [0x00000000e0000000, 0x00000000ef500000, 0x0000000100000000)
  eden space 164352K, 0% used [0x00000000e0000000,0x00000000e0000000,0x00000000ea080000)
  from space 19968K, 46% used [0x00000000ea080000,0x00000000ea9a8040,0x00000000eb400000)
  to   space 18944K, 0% used [0x00000000ee280000,0x00000000ee280000,0x00000000ef500000)
 ParOldGen       total 59392K, used 40931K [0x00000000a0000000, 0x00000000a3a00000, 0x00000000e0000000)
  object space 59392K, 68% used [0x00000000a0000000,0x00000000a27f8d00,0x00000000a3a00000)
 Metaspace       used 57234K, capacity 59080K, committed 59160K, reserved 1099776K
  class space    used 7808K, capacity 8307K, committed 8368K, reserved 1048576K
}
Event: 27.270 GC heap before
{Heap before GC invocations=16 (full 3):
 PSYoungGen      total 184320K, used 9376K [0x00000000e0000000, 0x00000000ef500000, 0x0000000100000000)
  eden space 164352K, 0% used [0x00000000e0000000,0x00000000e0000000,0x00000000ea080000)
  from space 19968K, 46% used [0x00000000ea080000,0x00000000ea9a8040,0x00000000eb400000)
  to   space 18944K, 0% used [0x00000000ee280000,0x00000000ee280000,0x00000000ef500000)
 ParOldGen       total 59392K, used 40931K [0x00000000a0000000, 0x00000000a3a00000, 0x00000000e0000000)
  object space 59392K, 68% used [0x00000000a0000000,0x00000000a27f8d00,0x00000000a3a00000)
 Metaspace       used 57234K, capacity 59080K, committed 59160K, reserved 1099776K
  class space    used 7808K, capacity 8307K, committed 8368K, reserved 1048576K
Event: 27.823 GC heap after
Heap after GC invocations=16 (full 3):
 PSYoungGen      total 184320K, used 0K [0x00000000e0000000, 0x00000000ef500000, 0x0000000100000000)
  eden space 164352K, 0% used [0x00000000e0000000,0x00000000e0000000,0x00000000ea080000)
  from space 19968K, 0% used [0x00000000ea080000,0x00000000ea080000,0x00000000eb400000)
  to   space 18944K, 0% used [0x00000000ee280000,0x00000000ee280000,0x00000000ef500000)
 ParOldGen       total 98304K, used 40037K [0x00000000a0000000, 0x00000000a6000000, 0x00000000e0000000)
  object space 98304K, 40% used [0x00000000a0000000,0x00000000a2719440,0x00000000a6000000)
 Metaspace       used 57234K, capacity 59080K, committed 59160K, reserved 1099776K
  class space    used 7808K, capacity 8307K, committed 8368K, reserved 1048576K
}
Event: 32.397 GC heap before
{Heap before GC invocations=17 (full 3):
 PSYoungGen      total 184320K, used 164352K [0x00000000e0000000, 0x00000000ef500000, 0x0000000100000000)
  eden space 164352K, 100% used [0x00000000e0000000,0x00000000ea080000,0x00000000ea080000)
  from space 19968K, 0% used [0x00000000ea080000,0x00000000ea080000,0x00000000eb400000)
  to   space 18944K, 0% used [0x00000000ee280000,0x00000000ee280000,0x00000000ef500000)
 ParOldGen       total 98304K, used 40037K [0x00000000a0000000, 0x00000000a6000000, 0x00000000e0000000)
  object space 98304K, 40% used [0x00000000a0000000,0x00000000a2719440,0x00000000a6000000)
 Metaspace       used 66694K, capacity 69470K, committed 69544K, reserved 1110016K
  class space    used 8991K, capacity 9606K, committed 9648K, reserved 1048576K
Event: 32.437 GC heap after
Heap after GC invocations=17 (full 3):
 PSYoungGen      total 215040K, used 15140K [0x00000000e0000000, 0x00000000ef180000, 0x0000000100000000)
  eden space 199680K, 0% used [0x00000000e0000000,0x00000000e0000000,0x00000000ec300000)
  from space 15360K, 98% used [0x00000000ee280000,0x00000000ef149298,0x00000000ef180000)
  to   space 20480K, 0% used [0x00000000ec980000,0x00000000ec980000,0x00000000edd80000)
 ParOldGen       total 98304K, used 40045K [0x00000000a0000000, 0x00000000a6000000, 0x00000000e0000000)
  object space 98304K, 40% used [0x00000000a0000000,0x00000000a271b440,0x00000000a6000000)
 Metaspace       used 66694K, capacity 69470K, committed 69544K, reserved 1110016K
  class space    used 8991K, capacity 9606K, committed 9648K, reserved 1048576K
}

