# JRE version: OpenJDK Runtime Environment (8.0_152-b06) (build 1.8.0_152-release-1136-b06)
# Java VM: OpenJDK 64-Bit Server VM (25.152-b06 mixed mode windows-amd64 compressed oops)
Heap:
 PSYoungGen      total 193536K, used 70484K [0x00000000e0000000, 0x00000000f2000000, 0x0000000100000000)
  eden space 175104K, 40% used [0x00000000e0000000,0x00000000e44d52c8,0x00000000eab00000)
  from space 18432K, 0% used [0x00000000eab00000,0x00000000eab00000,0x00000000ebd00000)
  to   space 18944K, 0% used [0x00000000f0d80000,0x00000000f0d80000,0x00000000f2000000)
 ParOldGen       total 90112K, used 37991K [0x00000000a0000000, 0x00000000a5800000, 0x00000000e0000000)
  object space 90112K, 42% used [0x00000000a0000000,0x00000000a2519d30,0x00000000a5800000)
 Metaspace       used 57945K, capacity 59804K, committed 60032K, reserved 1101824K
  class space    used 7840K, capacity 8287K, committed 8320K, reserved 1048576K
GC Heap History (10 events):
Event: 31.010 GC heap before
{Heap before GC invocations=12 (full 2):
 PSYoungGen      total 110080K, used 100352K [0x00000000e0000000, 0x00000000e9600000, 0x0000000100000000)
  eden space 100352K, 100% used [0x00000000e0000000,0x00000000e6200000,0x00000000e6200000)
  from space 9728K, 0% used [0x00000000e6200000,0x00000000e6200000,0x00000000e6b80000)
  to   space 10752K, 0% used [0x00000000e8b80000,0x00000000e8b80000,0x00000000e9600000)
 ParOldGen       total 54784K, used 16008K [0x00000000a0000000, 0x00000000a3580000, 0x00000000e0000000)
  object space 54784K, 29% used [0x00000000a0000000,0x00000000a0fa20e8,0x00000000a3580000)
 Metaspace       used 41127K, capacity 41854K, committed 42112K, reserved 1085440K
  class space    used 5512K, capacity 5741K, committed 5760K, reserved 1048576K
Event: 31.138 GC heap after
Heap after GC invocations=12 (full 2):
 PSYoungGen      total 140800K, used 10722K [0x00000000e0000000, 0x00000000e9f00000, 0x0000000100000000)
  eden space 130048K, 0% used [0x00000000e0000000,0x00000000e0000000,0x00000000e7f00000)
  from space 10752K, 99% used [0x00000000e8b80000,0x00000000e95f88c8,0x00000000e9600000)
  to   space 12800K, 0% used [0x00000000e7f00000,0x00000000e7f00000,0x00000000e8b80000)
 ParOldGen       total 54784K, used 17271K [0x00000000a0000000, 0x00000000a3580000, 0x00000000e0000000)
  object space 54784K, 31% used [0x00000000a0000000,0x00000000a10ddcc8,0x00000000a3580000)
 Metaspace       used 41127K, capacity 41854K, committed 42112K, reserved 1085440K
  class space    used 5512K, capacity 5741K, committed 5760K, reserved 1048576K
}
Event: 37.602 GC heap before
{Heap before GC invocations=13 (full 2):
 PSYoungGen      total 140800K, used 140770K [0x00000000e0000000, 0x00000000e9f00000, 0x0000000100000000)
  eden space 130048K, 100% used [0x00000000e0000000,0x00000000e7f00000,0x00000000e7f00000)
  from space 10752K, 99% used [0x00000000e8b80000,0x00000000e95f88c8,0x00000000e9600000)
  to   space 12800K, 0% used [0x00000000e7f00000,0x00000000e7f00000,0x00000000e8b80000)
 ParOldGen       total 54784K, used 17271K [0x00000000a0000000, 0x00000000a3580000, 0x00000000e0000000)
  object space 54784K, 31% used [0x00000000a0000000,0x00000000a10ddcc8,0x00000000a3580000)
 Metaspace       used 52256K, capacity 53736K, committed 53888K, reserved 1095680K
  class space    used 7097K, capacity 7479K, committed 7552K, reserved 1048576K
Event: 37.681 GC heap after
Heap after GC invocations=13 (full 2):
 PSYoungGen      total 142848K, used 12773K [0x00000000e0000000, 0x00000000ece00000, 0x0000000100000000)
  eden space 130048K, 0% used [0x00000000e0000000,0x00000000e0000000,0x00000000e7f00000)
  from space 12800K, 99% used [0x00000000e7f00000,0x00000000e8b794f0,0x00000000e8b80000)
  to   space 17408K, 0% used [0x00000000ebd00000,0x00000000ebd00000,0x00000000ece00000)
 ParOldGen       total 54784K, used 25624K [0x00000000a0000000, 0x00000000a3580000, 0x00000000e0000000)
  object space 54784K, 46% used [0x00000000a0000000,0x00000000a1906010,0x00000000a3580000)
 Metaspace       used 52256K, capacity 53736K, committed 53888K, reserved 1095680K
  class space    used 7097K, capacity 7479K, committed 7552K, reserved 1048576K
}
Event: 58.258 GC heap before
{Heap before GC invocations=14 (full 2):
 PSYoungGen      total 142848K, used 142821K [0x00000000e0000000, 0x00000000ece00000, 0x0000000100000000)
  eden space 130048K, 100% used [0x00000000e0000000,0x00000000e7f00000,0x00000000e7f00000)
  from space 12800K, 99% used [0x00000000e7f00000,0x00000000e8b794f0,0x00000000e8b80000)
  to   space 17408K, 0% used [0x00000000ebd00000,0x00000000ebd00000,0x00000000ece00000)
 ParOldGen       total 54784K, used 25624K [0x00000000a0000000, 0x00000000a3580000, 0x00000000e0000000)
  object space 54784K, 46% used [0x00000000a0000000,0x00000000a1906010,0x00000000a3580000)
 Metaspace       used 56872K, capacity 58676K, committed 58880K, reserved 1099776K
  class space    used 7739K, capacity 8189K, committed 8192K, reserved 1048576K
Event: 58.581 GC heap after
Heap after GC invocations=14 (full 2):
 PSYoungGen      total 192512K, used 12841K [0x00000000e0000000, 0x00000000ecf80000, 0x0000000100000000)
  eden space 175104K, 0% used [0x00000000e0000000,0x00000000e0000000,0x00000000eab00000)
  from space 17408K, 73% used [0x00000000ebd00000,0x00000000ec98a730,0x00000000ece00000)
  to   space 18432K, 0% used [0x00000000eab00000,0x00000000eab00000,0x00000000ebd00000)
 ParOldGen       total 54784K, used 38289K [0x00000000a0000000, 0x00000000a3580000, 0x00000000e0000000)
  object space 54784K, 69% used [0x00000000a0000000,0x00000000a25646a8,0x00000000a3580000)
 Metaspace       used 56872K, capacity 58676K, committed 58880K, reserved 1099776K
  class space    used 7739K, capacity 8189K, committed 8192K, reserved 1048576K
}
Event: 59.247 GC heap before
{Heap before GC invocations=15 (full 2):
 PSYoungGen      total 192512K, used 20422K [0x00000000e0000000, 0x00000000ecf80000, 0x0000000100000000)
  eden space 175104K, 4% used [0x00000000e0000000,0x00000000e07671e8,0x00000000eab00000)
  from space 17408K, 73% used [0x00000000ebd00000,0x00000000ec98a730,0x00000000ece00000)
  to   space 18432K, 0% used [0x00000000eab00000,0x00000000eab00000,0x00000000ebd00000)
 ParOldGen       total 54784K, used 38289K [0x00000000a0000000, 0x00000000a3580000, 0x00000000e0000000)
  object space 54784K, 69% used [0x00000000a0000000,0x00000000a25646a8,0x00000000a3580000)
 Metaspace       used 57051K, capacity 58902K, committed 59008K, reserved 1099776K
  class space    used 7760K, capacity 8222K, committed 8320K, reserved 1048576K
Event: 59.334 GC heap after
Heap after GC invocations=15 (full 2):
 PSYoungGen      total 193536K, used 432K [0x00000000e0000000, 0x00000000f2000000, 0x0000000100000000)
  eden space 175104K, 0% used [0x00000000e0000000,0x00000000e0000000,0x00000000eab00000)
  from space 18432K, 2% used [0x00000000eab00000,0x00000000eab6c3e0,0x00000000ebd00000)
  to   space 18944K, 0% used [0x00000000f0d80000,0x00000000f0d80000,0x00000000f2000000)
 ParOldGen       total 54784K, used 48135K [0x00000000a0000000, 0x00000000a3580000, 0x00000000e0000000)
  object space 54784K, 87% used [0x00000000a0000000,0x00000000a2f01e28,0x00000000a3580000)
 Metaspace       used 57051K, capacity 58902K, committed 59008K, reserved 1099776K
  class space    used 7760K, capacity 8222K, committed 8320K, reserved 1048576K
}
Event: 59.334 GC heap before
{Heap before GC invocations=16 (full 3):
 PSYoungGen      total 193536K, used 432K [0x00000000e0000000, 0x00000000f2000000, 0x0000000100000000)
  eden space 175104K, 0% used [0x00000000e0000000,0x00000000e0000000,0x00000000eab00000)
  from space 18432K, 2% used [0x00000000eab00000,0x00000000eab6c3e0,0x00000000ebd00000)
  to   space 18944K, 0% used [0x00000000f0d80000,0x00000000f0d80000,0x00000000f2000000)
 ParOldGen       total 54784K, used 48135K [0x00000000a0000000, 0x00000000a3580000, 0x00000000e0000000)
  object space 54784K, 87% used [0x00000000a0000000,0x00000000a2f01e28,0x00000000a3580000)
 Metaspace       used 57051K, capacity 58902K, committed 59008K, reserved 1099776K
  class space    used 7760K, capacity 8222K, committed 8320K, reserved 1048576K
Event: 60.247 GC heap after
Heap after GC invocations=16 (full 3):
 PSYoungGen      total 193536K, used 0K [0x00000000e0000000, 0x00000000f2000000, 0x0000000100000000)
  eden space 175104K, 0% used [0x00000000e0000000,0x00000000e0000000,0x00000000eab00000)
  from space 18432K, 0% used [0x00000000eab00000,0x00000000eab00000,0x00000000ebd00000)
  to   space 18944K, 0% used [0x00000000f0d80000,0x00000000f0d80000,0x00000000f2000000)
 ParOldGen       total 90112K, used 37991K [0x00000000a0000000, 0x00000000a5800000, 0x00000000e0000000)
  object space 90112K, 42% used [0x00000000a0000000,0x00000000a2519d30,0x00000000a5800000)
 Metaspace       used 57051K, capacity 58902K, committed 59008K, reserved 1099776K
  class space    used 7760K, capacity 8222K, committed 8320K, reserved 1048576K
}

