# JRE version: OpenJDK Runtime Environment (8.0_152-b06) (build 1.8.0_152-release-1136-b06)
# Java VM: OpenJDK 64-Bit Server VM (25.152-b06 mixed mode windows-amd64 compressed oops)
Heap:
 PSYoungGen      total 489472K, used 337033K [0x00000000e0000000, 0x00000000ffe80000, 0x0000000100000000)
  eden space 456192K, 73% used [0x00000000e0000000,0x00000000f4685b68,0x00000000fbd80000)
  from space 33280K, 8% used [0x00000000fbd80000,0x00000000fc01caa0,0x00000000fde00000)
  to   space 33280K, 0% used [0x00000000fde00000,0x00000000fde00000,0x00000000ffe80000)
 ParOldGen       total 152064K, used 86437K [0x00000000a0000000, 0x00000000a9480000, 0x00000000e0000000)
  object space 152064K, 56% used [0x00000000a0000000,0x00000000a5469410,0x00000000a9480000)
 Metaspace       used 94449K, capacity 98738K, committed 99352K, reserved 1136640K
  class space    used 11962K, capacity 12928K, committed 13104K, reserved 1048576K
GC Heap History (10 events):
Event: 2029.877 GC heap before
{Heap before GC invocations=21 (full 3):
 PSYoungGen      total 343040K, used 336727K [0x00000000e0000000, 0x00000000fbe80000, 0x0000000100000000)
  eden space 318464K, 100% used [0x00000000e0000000,0x00000000f3700000,0x00000000f3700000)
  from space 24576K, 74% used [0x00000000f3700000,0x00000000f48d5cd8,0x00000000f4f00000)
  to   space 26112K, 0% used [0x00000000fa500000,0x00000000fa500000,0x00000000fbe80000)
 ParOldGen       total 95744K, used 60578K [0x00000000a0000000, 0x00000000a5d80000, 0x00000000e0000000)
  object space 95744K, 63% used [0x00000000a0000000,0x00000000a3b288e8,0x00000000a5d80000)
 Metaspace       used 90947K, capacity 95394K, committed 95512K, reserved 1132544K
  class space    used 11849K, capacity 12838K, committed 12848K, reserved 1048576K
Event: 2031.104 GC heap after
Heap after GC invocations=21 (full 3):
 PSYoungGen      total 418816K, used 17965K [0x00000000e0000000, 0x00000000fb980000, 0x0000000100000000)
  eden space 397824K, 0% used [0x00000000e0000000,0x00000000e0000000,0x00000000f8480000)
  from space 20992K, 85% used [0x00000000fa500000,0x00000000fb68b7e0,0x00000000fb980000)
  to   space 27136K, 0% used [0x00000000f8480000,0x00000000f8480000,0x00000000f9f00000)
 ParOldGen       total 95744K, used 71653K [0x00000000a0000000, 0x00000000a5d80000, 0x00000000e0000000)
  object space 95744K, 74% used [0x00000000a0000000,0x00000000a45f97c0,0x00000000a5d80000)
 Metaspace       used 90947K, capacity 95394K, committed 95512K, reserved 1132544K
  class space    used 11849K, capacity 12838K, committed 12848K, reserved 1048576K
}
Event: 2233.135 GC heap before
{Heap before GC invocations=22 (full 3):
 PSYoungGen      total 418816K, used 415789K [0x00000000e0000000, 0x00000000fb980000, 0x0000000100000000)
  eden space 397824K, 100% used [0x00000000e0000000,0x00000000f8480000,0x00000000f8480000)
  from space 20992K, 85% used [0x00000000fa500000,0x00000000fb68b7e0,0x00000000fb980000)
  to   space 27136K, 0% used [0x00000000f8480000,0x00000000f8480000,0x00000000f9f00000)
 ParOldGen       total 95744K, used 71653K [0x00000000a0000000, 0x00000000a5d80000, 0x00000000e0000000)
  object space 95744K, 74% used [0x00000000a0000000,0x00000000a45f97c0,0x00000000a5d80000)
 Metaspace       used 92277K, capacity 96882K, committed 96920K, reserved 1132544K
  class space    used 11917K, capacity 12940K, committed 12976K, reserved 1048576K
Event: 2233.708 GC heap after
Heap after GC invocations=22 (full 3):
 PSYoungGen      total 424960K, used 27112K [0x00000000e0000000, 0x0000000100000000, 0x0000000100000000)
  eden space 397824K, 0% used [0x00000000e0000000,0x00000000e0000000,0x00000000f8480000)
  from space 27136K, 99% used [0x00000000f8480000,0x00000000f9efa058,0x00000000f9f00000)
  to   space 34816K, 0% used [0x00000000fde00000,0x00000000fde00000,0x0000000100000000)
 ParOldGen       total 95744K, used 80703K [0x00000000a0000000, 0x00000000a5d80000, 0x00000000e0000000)
  object space 95744K, 84% used [0x00000000a0000000,0x00000000a4ecfc80,0x00000000a5d80000)
 Metaspace       used 92277K, capacity 96882K, committed 96920K, reserved 1132544K
  class space    used 11917K, capacity 12940K, committed 12976K, reserved 1048576K
}
Event: 2233.708 GC heap before
{Heap before GC invocations=23 (full 4):
 PSYoungGen      total 424960K, used 27112K [0x00000000e0000000, 0x0000000100000000, 0x0000000100000000)
  eden space 397824K, 0% used [0x00000000e0000000,0x00000000e0000000,0x00000000f8480000)
  from space 27136K, 99% used [0x00000000f8480000,0x00000000f9efa058,0x00000000f9f00000)
  to   space 34816K, 0% used [0x00000000fde00000,0x00000000fde00000,0x0000000100000000)
 ParOldGen       total 95744K, used 80703K [0x00000000a0000000, 0x00000000a5d80000, 0x00000000e0000000)
  object space 95744K, 84% used [0x00000000a0000000,0x00000000a4ecfc80,0x00000000a5d80000)
 Metaspace       used 92277K, capacity 96882K, committed 96920K, reserved 1132544K
  class space    used 11917K, capacity 12940K, committed 12976K, reserved 1048576K
Event: 2237.388 GC heap after
Heap after GC invocations=23 (full 4):
 PSYoungGen      total 424960K, used 0K [0x00000000e0000000, 0x0000000100000000, 0x0000000100000000)
  eden space 397824K, 0% used [0x00000000e0000000,0x00000000e0000000,0x00000000f8480000)
  from space 27136K, 0% used [0x00000000f8480000,0x00000000f8480000,0x00000000f9f00000)
  to   space 34816K, 0% used [0x00000000fde00000,0x00000000fde00000,0x0000000100000000)
 ParOldGen       total 152064K, used 84456K [0x00000000a0000000, 0x00000000a9480000, 0x00000000e0000000)
  object space 152064K, 55% used [0x00000000a0000000,0x00000000a527a2f0,0x00000000a9480000)
 Metaspace       used 91818K, capacity 95854K, committed 96920K, reserved 1132544K
  class space    used 11808K, capacity 12752K, committed 12976K, reserved 1048576K
}
Event: 2258.025 GC heap before
{Heap before GC invocations=24 (full 4):
 PSYoungGen      total 424960K, used 397824K [0x00000000e0000000, 0x0000000100000000, 0x0000000100000000)
  eden space 397824K, 100% used [0x00000000e0000000,0x00000000f8480000,0x00000000f8480000)
  from space 27136K, 0% used [0x00000000f8480000,0x00000000f8480000,0x00000000f9f00000)
  to   space 34816K, 0% used [0x00000000fde00000,0x00000000fde00000,0x0000000100000000)
 ParOldGen       total 152064K, used 84456K [0x00000000a0000000, 0x00000000a9480000, 0x00000000e0000000)
  object space 152064K, 55% used [0x00000000a0000000,0x00000000a527a2f0,0x00000000a9480000)
 Metaspace       used 94105K, capacity 98364K, committed 99096K, reserved 1134592K
  class space    used 11949K, capacity 12893K, committed 13104K, reserved 1048576K
Event: 2258.297 GC heap after
Heap after GC invocations=24 (full 4):
 PSYoungGen      total 491008K, used 9995K [0x00000000e0000000, 0x0000000100000000, 0x0000000100000000)
  eden space 456192K, 0% used [0x00000000e0000000,0x00000000e0000000,0x00000000fbd80000)
  from space 34816K, 28% used [0x00000000fde00000,0x00000000fe7c2c60,0x0000000100000000)
  to   space 33280K, 0% used [0x00000000fbd80000,0x00000000fbd80000,0x00000000fde00000)
 ParOldGen       total 152064K, used 84464K [0x00000000a0000000, 0x00000000a9480000, 0x00000000e0000000)
  object space 152064K, 55% used [0x00000000a0000000,0x00000000a527c2f0,0x00000000a9480000)
 Metaspace       used 94105K, capacity 98364K, committed 99096K, reserved 1134592K
  class space    used 11949K, capacity 12893K, committed 13104K, reserved 1048576K
}
Event: 2264.986 GC heap before
{Heap before GC invocations=25 (full 4):
 PSYoungGen      total 491008K, used 466187K [0x00000000e0000000, 0x0000000100000000, 0x0000000100000000)
  eden space 456192K, 100% used [0x00000000e0000000,0x00000000fbd80000,0x00000000fbd80000)
  from space 34816K, 28% used [0x00000000fde00000,0x00000000fe7c2c60,0x0000000100000000)
  to   space 33280K, 0% used [0x00000000fbd80000,0x00000000fbd80000,0x00000000fde00000)
 ParOldGen       total 152064K, used 84464K [0x00000000a0000000, 0x00000000a9480000, 0x00000000e0000000)
  object space 152064K, 55% used [0x00000000a0000000,0x00000000a527c2f0,0x00000000a9480000)
 Metaspace       used 94302K, capacity 98572K, committed 99352K, reserved 1136640K
  class space    used 11952K, capacity 12895K, committed 13104K, reserved 1048576K
Event: 2265.065 GC heap after
Heap after GC invocations=25 (full 4):
 PSYoungGen      total 489472K, used 2674K [0x00000000e0000000, 0x00000000ffe80000, 0x0000000100000000)
  eden space 456192K, 0% used [0x00000000e0000000,0x00000000e0000000,0x00000000fbd80000)
  from space 33280K, 8% used [0x00000000fbd80000,0x00000000fc01caa0,0x00000000fde00000)
  to   space 33280K, 0% used [0x00000000fde00000,0x00000000fde00000,0x00000000ffe80000)
 ParOldGen       total 152064K, used 86437K [0x00000000a0000000, 0x00000000a9480000, 0x00000000e0000000)
  object space 152064K, 56% used [0x00000000a0000000,0x00000000a5469410,0x00000000a9480000)
 Metaspace       used 94302K, capacity 98572K, committed 99352K, reserved 1136640K
  class space    used 11952K, capacity 12895K, committed 13104K, reserved 1048576K
}

